<?xml version="1.0" encoding="UTF-8"?>
<!-- Generated by org.testng.reporters.JUnitReportReporter -->
<testsuite hostname="DESKTOP-UALHC4A" failures="0" tests="2" name="testCases.loginPage" time="52.962" errors="0" timestamp="15 Aug 2020 15:29:50 GMT" skipped="0">
  <testcase classname="testCases.loginPage" name="LoginPage" time="26.990"/>
  <testcase classname="testCases.loginPage" name="LoginPage" time="25.972"/>
</testsuite> <!-- testCases.loginPage -->
